# JRE version: OpenJDK Runtime Environment (11.0.11+9) (build 11.0.11+9-b60-7590822)
# Java VM: OpenJDK 64-Bit Server VM (11.0.11+9-b60-7590822, mixed mode, tiered, compressed oops, g1 gc, windows-amd64)
Heap:
 garbage-first heap   total 675840K, used 152559K [0x0000000080000000, 0x0000000100000000)
  region size 1024K, 5 young (5120K), 5 survivors (5120K)
 Metaspace       used 120257K, capacity 123591K, committed 123888K, reserved 1157120K
  class space    used 15233K, capacity 16475K, committed 16640K, reserved 1048576K
GC Heap History (20 events):
Event: 1023.731 GC heap after
{Heap after GC invocations=49 (full 0):
 garbage-first heap   total 262144K, used 149893K [0x0000000080000000, 0x0000000100000000)
  region size 1024K, 2 young (2048K), 2 survivors (2048K)
 Metaspace       used 120256K, capacity 123591K, committed 123888K, reserved 1157120K
  class space    used 15233K, capacity 16475K, committed 16640K, reserved 1048576K
}
Event: 1023.776 GC heap before
{Heap before GC invocations=49 (full 0):
 garbage-first heap   total 262144K, used 160133K [0x0000000080000000, 0x0000000100000000)
  region size 1024K, 12 young (12288K), 2 survivors (2048K)
 Metaspace       used 120256K, capacity 123591K, committed 123888K, reserved 1157120K
  class space    used 15233K, capacity 16475K, committed 16640K, reserved 1048576K
}
Event: 1023.782 GC heap after
{Heap after GC invocations=50 (full 0):
 garbage-first heap   total 262144K, used 148611K [0x0000000080000000, 0x0000000100000000)
  region size 1024K, 2 young (2048K), 2 survivors (2048K)
 Metaspace       used 120256K, capacity 123591K, committed 123888K, reserved 1157120K
  class space    used 15233K, capacity 16475K, committed 16640K, reserved 1048576K
}
Event: 1024.094 GC heap before
{Heap before GC invocations=50 (full 0):
 garbage-first heap   total 262144K, used 227459K [0x0000000080000000, 0x0000000100000000)
  region size 1024K, 79 young (80896K), 2 survivors (2048K)
 Metaspace       used 120257K, capacity 123591K, committed 123888K, reserved 1157120K
  class space    used 15233K, capacity 16475K, committed 16640K, reserved 1048576K
}
Event: 1024.097 GC heap after
{Heap after GC invocations=51 (full 0):
 garbage-first heap   total 262144K, used 149006K [0x0000000080000000, 0x0000000100000000)
  region size 1024K, 2 young (2048K), 2 survivors (2048K)
 Metaspace       used 120257K, capacity 123591K, committed 123888K, reserved 1157120K
  class space    used 15233K, capacity 16475K, committed 16640K, reserved 1048576K
}
Event: 1024.778 GC heap before
{Heap before GC invocations=52 (full 0):
 garbage-first heap   total 262144K, used 228878K [0x0000000080000000, 0x0000000100000000)
  region size 1024K, 80 young (81920K), 2 survivors (2048K)
 Metaspace       used 120257K, capacity 123591K, committed 123888K, reserved 1157120K
  class space    used 15233K, capacity 16475K, committed 16640K, reserved 1048576K
}
Event: 1024.782 GC heap after
{Heap after GC invocations=53 (full 0):
 garbage-first heap   total 262144K, used 149232K [0x0000000080000000, 0x0000000100000000)
  region size 1024K, 2 young (2048K), 2 survivors (2048K)
 Metaspace       used 120257K, capacity 123591K, committed 123888K, reserved 1157120K
  class space    used 15233K, capacity 16475K, committed 16640K, reserved 1048576K
}
Event: 1025.327 GC heap before
{Heap before GC invocations=53 (full 0):
 garbage-first heap   total 262144K, used 229104K [0x0000000080000000, 0x0000000100000000)
  region size 1024K, 80 young (81920K), 2 survivors (2048K)
 Metaspace       used 120257K, capacity 123591K, committed 123888K, reserved 1157120K
  class space    used 15233K, capacity 16475K, committed 16640K, reserved 1048576K
}
Event: 1025.359 GC heap after
{Heap after GC invocations=54 (full 0):
 garbage-first heap   total 262144K, used 149637K [0x0000000080000000, 0x0000000100000000)
  region size 1024K, 3 young (3072K), 3 survivors (3072K)
 Metaspace       used 120257K, capacity 123591K, committed 123888K, reserved 1157120K
  class space    used 15233K, capacity 16475K, committed 16640K, reserved 1048576K
}
Event: 1025.737 GC heap before
{Heap before GC invocations=55 (full 0):
 garbage-first heap   total 262144K, used 229509K [0x0000000080000000, 0x0000000100000000)
  region size 1024K, 81 young (82944K), 3 survivors (3072K)
 Metaspace       used 120257K, capacity 123591K, committed 123888K, reserved 1157120K
  class space    used 15233K, capacity 16475K, committed 16640K, reserved 1048576K
}
Event: 1025.771 GC heap after
{Heap after GC invocations=56 (full 0):
 garbage-first heap   total 262144K, used 150152K [0x0000000080000000, 0x0000000100000000)
  region size 1024K, 3 young (3072K), 3 survivors (3072K)
 Metaspace       used 120257K, capacity 123591K, committed 123888K, reserved 1157120K
  class space    used 15233K, capacity 16475K, committed 16640K, reserved 1048576K
}
Event: 1025.937 GC heap before
{Heap before GC invocations=56 (full 0):
 garbage-first heap   total 262144K, used 230024K [0x0000000080000000, 0x0000000100000000)
  region size 1024K, 81 young (82944K), 3 survivors (3072K)
 Metaspace       used 120257K, capacity 123591K, committed 123888K, reserved 1157120K
  class space    used 15233K, capacity 16475K, committed 16640K, reserved 1048576K
}
Event: 1025.941 GC heap after
{Heap after GC invocations=57 (full 0):
 garbage-first heap   total 262144K, used 150629K [0x0000000080000000, 0x0000000100000000)
  region size 1024K, 4 young (4096K), 4 survivors (4096K)
 Metaspace       used 120257K, capacity 123591K, committed 123888K, reserved 1157120K
  class space    used 15233K, capacity 16475K, committed 16640K, reserved 1048576K
}
Event: 1026.106 GC heap before
{Heap before GC invocations=57 (full 0):
 garbage-first heap   total 262144K, used 230501K [0x0000000080000000, 0x0000000100000000)
  region size 1024K, 82 young (83968K), 4 survivors (4096K)
 Metaspace       used 120257K, capacity 123591K, committed 123888K, reserved 1157120K
  class space    used 15233K, capacity 16475K, committed 16640K, reserved 1048576K
}
Event: 1026.498 GC heap after
{Heap after GC invocations=58 (full 0):
 garbage-first heap   total 262144K, used 151195K [0x0000000080000000, 0x0000000100000000)
  region size 1024K, 4 young (4096K), 4 survivors (4096K)
 Metaspace       used 120257K, capacity 123591K, committed 123888K, reserved 1157120K
  class space    used 15233K, capacity 16475K, committed 16640K, reserved 1048576K
}
Event: 1026.854 GC heap before
{Heap before GC invocations=59 (full 0):
 garbage-first heap   total 262144K, used 231067K [0x0000000080000000, 0x0000000100000000)
  region size 1024K, 82 young (83968K), 4 survivors (4096K)
 Metaspace       used 120257K, capacity 123591K, committed 123888K, reserved 1157120K
  class space    used 15233K, capacity 16475K, committed 16640K, reserved 1048576K
}
Event: 1026.860 GC heap after
{Heap after GC invocations=60 (full 0):
 garbage-first heap   total 262144K, used 151535K [0x0000000080000000, 0x0000000100000000)
  region size 1024K, 4 young (4096K), 4 survivors (4096K)
 Metaspace       used 120257K, capacity 123591K, committed 123888K, reserved 1157120K
  class space    used 15233K, capacity 16475K, committed 16640K, reserved 1048576K
}
Event: 1027.184 GC heap before
{Heap before GC invocations=60 (full 0):
 garbage-first heap   total 262144K, used 231407K [0x0000000080000000, 0x0000000100000000)
  region size 1024K, 82 young (83968K), 4 survivors (4096K)
 Metaspace       used 120257K, capacity 123591K, committed 123888K, reserved 1157120K
  class space    used 15233K, capacity 16475K, committed 16640K, reserved 1048576K
}
Event: 1027.193 GC heap after
{Heap after GC invocations=61 (full 0):
 garbage-first heap   total 262144K, used 152447K [0x0000000080000000, 0x0000000100000000)
  region size 1024K, 5 young (5120K), 5 survivors (5120K)
 Metaspace       used 120257K, capacity 123591K, committed 123888K, reserved 1157120K
  class space    used 15233K, capacity 16475K, committed 16640K, reserved 1048576K
}
Event: 1027.671 GC heap before
{Heap before GC invocations=62 (full 0):
 garbage-first heap   total 262144K, used 230271K [0x0000000080000000, 0x0000000100000000)
  region size 1024K, 81 young (82944K), 5 survivors (5120K)
 Metaspace       used 120257K, capacity 123591K, committed 123888K, reserved 1157120K
  class space    used 15233K, capacity 16475K, committed 16640K, reserved 1048576K
}

